2019-11-17 15:03:32 [http-nio-8080-exec-1] INFO  usuario logado : admin
2019-11-17 15:09:32 [http-nio-8080-exec-3] INFO  usuario logado : admin
2019-11-17 15:10:24 [http-nio-8080-exec-4] INFO  usuario logado : admin
2019-11-17 15:10:46 [http-nio-8080-exec-5] INFO  usuario logado : admin
2019-11-17 15:12:00 [http-nio-8080-exec-7] INFO  usuario logado : admin
2019-11-17 15:12:39 [http-nio-8080-exec-8] INFO  usuario logado : admin
2019-11-17 15:13:51 [http-nio-8080-exec-10] INFO  usuario logado : admin
2019-11-17 15:28:28 [http-nio-8080-exec-3] INFO  usuario logado : admin
2019-11-17 16:07:13 [http-nio-8080-exec-7] INFO  usuario logado : admin
2019-11-17 16:14:58 [http-nio-8080-exec-9] INFO  usuario logado : admin
2019-11-17 16:16:29 [http-nio-8080-exec-1] INFO  usuario logado : admin
2019-11-19 18:47:04 [main] INFO  usuario logado : Joao1234
2019-11-19 18:48:59 [main] INFO  usuario logado : Joao1234
2019-11-19 18:51:56 [main] INFO  usuario logado : Joao1234
2019-11-19 18:55:24 [main] INFO  usuario logado : Joao1234
2019-11-19 18:55:38 [main] INFO  usuario logado : Joao1234
2019-11-19 18:56:26 [main] INFO  usuario logado : Joao1234
2019-11-19 18:58:15 [main] INFO  usuario logado : Joao1234
2019-11-19 18:58:36 [main] INFO  usuario logado : Joao1234
2019-11-19 18:59:21 [main] INFO  usuario logado : Joao1234
2019-11-19 18:59:38 [main] INFO  usuario logado : Joao1234
2019-11-19 18:59:55 [main] INFO  usuario logado : Joao1234
2019-11-19 19:06:57 [main] INFO  usuario logado : Unknow
2019-11-19 19:09:20 [main] INFO  usuario logado : joao1234
2019-11-19 19:09:27 [main] INFO  usuario logado : Unknow
2019-11-19 19:58:16 [main] INFO  usuario logado : Unknow
2019-11-20 19:14:45 [main] INFO  usuario logado : admin
2019-11-21 08:29:17 [main] INFO  usuario logado : joao1234
2019-11-21 09:21:56 [main] INFO  usuario logado : null
2019-11-21 09:26:48 [main] INFO  usuario logado : null
2019-11-21 09:28:30 [main] INFO  usuario logado : null
2019-11-21 09:28:35 [main] INFO  usuario logado : null
2019-11-25 10:00:09 [main] INFO  usuario logado : joao1234
2019-11-25 11:12:42 [main] INFO  usuario logado : joao1234
2019-11-25 17:42:25 [main] INFO  usuario logado : joao1234
2019-11-26 17:40:23 [main] INFO  usuario logado : joao1234
2019-11-26 17:42:42 [main] INFO  usuario logado : joao1234
